<?xml version="1.0" encoding="UTF-8"?>
<!-- Generated by org.testng.reporters.JUnitReportReporter -->
<testsuite hostname="Rahul" failures="0" tests="1" name="Jpet.A" time="0.302" errors="0" timestamp="2022-06-18T22:05:35 IST" skipped="0">
  <testcase classname="Jpet.A" name="f1" time="0.302"/>
  <system-out/>
</testsuite> <!-- Jpet.A -->
