<?xml version="1.0" encoding="UTF-8"?>
<!-- Generated by org.testng.reporters.JUnitReportReporter -->
<testsuite hostname="Rahul" failures="0" tests="1" name="com.cjc.A" time="0.007" errors="0" timestamp="2022-06-18T13:01:33 IST" skipped="0">
  <testcase classname="com.cjc.A" name="f1" time="0.007"/>
  <system-out/>
</testsuite> <!-- com.cjc.A -->
